<?xml version="1.0" encoding="UTF-8"?>
<!-- Generated by org.testng.reporters.JUnitReportReporter -->
<testsuite skipped="0" hostname="DESKTOP-5GI3OCP" name="testdata.LoginTest" tests="3" failures="0" timestamp="10 Feb 2022 05:12:44 GMT" time="16.995" errors="0">
  <testcase name="verifyLoginTitleTest" time="3.617" classname="testdata.LoginTest"/>
  <testcase name="verifyWelcomeLogoTest" time="3.765" classname="testdata.LoginTest"/>
  <testcase name="doLoginTest" time="9.613" classname="testdata.LoginTest"/>
</testsuite> <!-- testdata.LoginTest -->
