<?xml version="1.0" encoding="UTF-8"?>
<!-- Generated by org.testng.reporters.JUnitReportReporter -->
<testsuite skipped="0" hostname="DESKTOP-5GI3OCP" name="tests.LoginTest" tests="3" failures="0" timestamp="10 Feb 2022 06:22:21 GMT" time="16.563" errors="0">
  <testcase name="verifyLoginTitleTest" time="3.731" classname="tests.LoginTest"/>
  <testcase name="verifyWelcomeLogoTest" time="3.768" classname="tests.LoginTest"/>
  <testcase name="doLoginTest" time="9.064" classname="tests.LoginTest"/>
</testsuite> <!-- tests.LoginTest -->
