<?xml version="1.0" encoding="UTF-8"?>
<!-- Generated by org.testng.reporters.JUnitReportReporter -->
<testsuite skipped="0" hostname="DESKTOP-5GI3OCP" name="tests.LoginTest" tests="1" failures="0" timestamp="10 Feb 2022 06:02:22 GMT" time="3.595" errors="0">
  <testcase name="verifyLoginTitleTest" time="3.595" classname="tests.LoginTest"/>
</testsuite> <!-- tests.LoginTest -->
